<?xml version="1.0" encoding="UTF-8"?>
<!-- Generated by org.testng.reporters.JUnitReportReporter -->
<testsuite hostname="DESKTOP-EJ1D7AM" failures="0" tests="2" name="test.day2" time="0.005" errors="0" timestamp="02 Jun 2020 10:47:19 GMT" skipped="1">
  <testcase classname="test.day2" name="ploan" time="0.005"/>
  <testcase classname="test.day2" name="hloan">
    <skipped/>
  </testcase> <!-- hloan -->
</testsuite> <!-- test.day2 -->
