<?xml version="1.0" encoding="UTF-8"?>
<!-- Generated by org.testng.reporters.JUnitReportReporter -->
<testsuite hostname="DESKTOP-EJ1D7AM" failures="0" tests="4" name="test.day3" time="0.015" errors="0" timestamp="02 Jun 2020 10:47:19 GMT" skipped="0">
  <testcase classname="test.day3" name="MobilesignimcarLoan" time="0.003"/>
  <testcase classname="test.day3" name="mobileSignoutcarLoan" time="0.002"/>
  <testcase classname="test.day3" name="webLoginCarLoan" time="0.007"/>
  <testcase classname="test.day3" name="MobileLogincarLoan" time="0.003"/>
</testsuite> <!-- test.day3 -->
