<?xml version="1.0" encoding="UTF-8"?>
<!-- Generated by org.testng.reporters.JUnitReportReporter -->
<testsuite hostname="DESKTOP-EJ1D7AM" failures="0" tests="2" name="parallel.TestParallelOne" time="0.032" errors="0" timestamp="26 Jan 2020 20:58:24 GMT" skipped="0">
  <testcase classname="parallel.TestParallelOne" name="testCaseOne" time="0.028"/>
  <testcase classname="parallel.TestParallelOne" name="testCaseTwo" time="0.004"/>
</testsuite> <!-- parallel.TestParallelOne -->
