<?xml version="1.0" encoding="UTF-8"?>
<!-- Generated by org.testng.reporters.JUnitReportReporter -->
<testsuite hostname="DESKTOP-EJ1D7AM" failures="0" tests="2" name="parallel.TestParallelTwo" time="0.033" errors="0" timestamp="26 Jan 2020 20:58:24 GMT" skipped="0">
  <testcase classname="parallel.TestParallelTwo" name="testCaseTwo" time="0.004"/>
  <testcase classname="parallel.TestParallelTwo" name="testCaseOne" time="0.029"/>
</testsuite> <!-- parallel.TestParallelTwo -->
