<?xml version="1.0" encoding="UTF-8"?>
<!-- Generated by org.testng.reporters.JUnitReportReporter -->
<testsuite hostname="DESKTOP-EJ1D7AM" failures="0" tests="5" name="test.day4" time="0.032" errors="0" timestamp="02 Jun 2020 10:47:19 GMT" skipped="0">
  <testcase classname="test.day4" name="WebloginHomeLoan" time="0.006"/>
  <testcase classname="test.day4" name="MobileLoginHomeLoan" time="0.016"/>
  <testcase classname="test.day4" name="LoginAPIHomeLoan" time="0.004"/>
  <testcase classname="test.day4" name="LoginAPIHomeLoan" time="0.003"/>
  <testcase classname="test.day4" name="LoginAPIHomeLoan" time="0.003"/>
</testsuite> <!-- test.day4 -->
