<?xml version="1.0" encoding="UTF-8"?>
<!-- Generated by org.testng.reporters.JUnitReportReporter -->
<testsuite hostname="DESKTOP-EJ1D7AM" failures="0" tests="3" name="parallel.Soft" time="0.034" errors="0" timestamp="31 May 2020 11:06:20 GMT" skipped="0">
  <testcase classname="parallel.Soft" name="method1" time="0.003"/>
  <testcase classname="parallel.Soft" name="method2" time="0.028"/>
  <testcase classname="parallel.Soft" name="method3" time="0.003"/>
</testsuite> <!-- parallel.Soft -->
