<?xml version="1.0" encoding="UTF-8"?>
<!-- Generated by org.testng.reporters.JUnitReportReporter -->
<testsuite hostname="DESKTOP-EJ1D7AM" failures="0" tests="1" name="test.HardAssertion" time="0.016" errors="0" timestamp="05 Jun 2020 10:25:19 GMT" skipped="0">
  <testcase classname="test.HardAssertion" name="test_UsingHardAssertion" time="0.016"/>
</testsuite> <!-- test.HardAssertion -->
